# JRE version: OpenJDK Runtime Environment Corretto-19.0.2.7.1 (19.0.2+7) (build 19.0.2+7-FR)
# Java VM: OpenJDK 64-Bit Server VM Corretto-19.0.2.7.1 (19.0.2+7-FR, mixed mode, emulated-client, sharing, tiered, compressed oops, compressed class ptrs, g1 gc, windows-amd64)
GC Precious Log:
 CardTable entry size: 512
 Card Set container configuration: InlinePtr #cards 5 size 8 Array Of Cards #cards 12 size 40 Howl #buckets 4 coarsen threshold 1843 Howl Bitmap #cards 512 size 80 coarsen threshold 460 Card regions per heap region 1 cards per card region 2048
 CPUs: 8 total, 8 available
 Memory: 8029M
 Large Page Support: Disabled
 NUMA Support: Disabled
 Compressed Oops: Enabled (32-bit)
 Heap Region Size: 1M
 Heap Min Capacity: 8M
 Heap Initial Capacity: 126M
 Heap Max Capacity: 2008M
 Pre-touch: Disabled
 Parallel Workers: 8
 Concurrent Workers: 2
 Concurrent Refinement Workers: 8
 Periodic GC: Disabled
Heap:
 garbage-first heap   total 160768K, used 87342K [0x0000000082800000, 0x0000000100000000)
  region size 1024K, 5 young (5120K), 5 survivors (5120K)
 Metaspace       used 65215K, committed 65920K, reserved 1114112K
  class space    used 8999K, committed 9344K, reserved 1048576K
GC Heap History (20 events):
Event: 5.491 GC heap after
{Heap after GC invocations=11 (full 0):
 garbage-first heap   total 86016K, used 25559K [0x0000000082800000, 0x0000000100000000)
  region size 1024K, 5 young (5120K), 5 survivors (5120K)
 Metaspace       used 45717K, committed 46272K, reserved 1114112K
  class space    used 6151K, committed 6400K, reserved 1048576K
}
Event: 5.507 GC heap before
{Heap before GC invocations=11 (full 0):
 garbage-first heap   total 86016K, used 26583K [0x0000000082800000, 0x0000000100000000)
  region size 1024K, 6 young (6144K), 5 survivors (5120K)
 Metaspace       used 45945K, committed 46528K, reserved 1114112K
  class space    used 6182K, committed 6464K, reserved 1048576K
}
Event: 5.511 GC heap after
{Heap after GC invocations=12 (full 0):
 garbage-first heap   total 86016K, used 26115K [0x0000000082800000, 0x0000000100000000)
  region size 1024K, 1 young (1024K), 1 survivors (1024K)
 Metaspace       used 45945K, committed 46528K, reserved 1114112K
  class space    used 6182K, committed 6464K, reserved 1048576K
}
Event: 6.245 GC heap before
{Heap before GC invocations=12 (full 0):
 garbage-first heap   total 86016K, used 64003K [0x0000000082800000, 0x0000000100000000)
  region size 1024K, 39 young (39936K), 1 survivors (1024K)
 Metaspace       used 54485K, committed 55104K, reserved 1114112K
  class space    used 7581K, committed 7872K, reserved 1048576K
}
Event: 6.247 GC heap after
{Heap after GC invocations=13 (full 0):
 garbage-first heap   total 86016K, used 27081K [0x0000000082800000, 0x0000000100000000)
  region size 1024K, 2 young (2048K), 2 survivors (2048K)
 Metaspace       used 54485K, committed 55104K, reserved 1114112K
  class space    used 7581K, committed 7872K, reserved 1048576K
}
Event: 6.618 GC heap before
{Heap before GC invocations=13 (full 0):
 garbage-first heap   total 86016K, used 58825K [0x0000000082800000, 0x0000000100000000)
  region size 1024K, 34 young (34816K), 2 survivors (2048K)
 Metaspace       used 59978K, committed 60608K, reserved 1114112K
  class space    used 8274K, committed 8576K, reserved 1048576K
}
Event: 6.623 GC heap after
{Heap after GC invocations=14 (full 0):
 garbage-first heap   total 86016K, used 30183K [0x0000000082800000, 0x0000000100000000)
  region size 1024K, 5 young (5120K), 5 survivors (5120K)
 Metaspace       used 59978K, committed 60608K, reserved 1114112K
  class space    used 8274K, committed 8576K, reserved 1048576K
}
Event: 6.952 GC heap before
{Heap before GC invocations=15 (full 0):
 garbage-first heap   total 86016K, used 66023K [0x0000000082800000, 0x0000000100000000)
  region size 1024K, 40 young (40960K), 5 survivors (5120K)
 Metaspace       used 63063K, committed 63808K, reserved 1114112K
  class space    used 8728K, committed 9088K, reserved 1048576K
}
Event: 6.958 GC heap after
{Heap after GC invocations=16 (full 0):
 garbage-first heap   total 86016K, used 32843K [0x0000000082800000, 0x0000000100000000)
  region size 1024K, 3 young (3072K), 3 survivors (3072K)
 Metaspace       used 63063K, committed 63808K, reserved 1114112K
  class space    used 8728K, committed 9088K, reserved 1048576K
}
Event: 7.197 GC heap before
{Heap before GC invocations=16 (full 0):
 garbage-first heap   total 86016K, used 67659K [0x0000000082800000, 0x0000000100000000)
  region size 1024K, 36 young (36864K), 3 survivors (3072K)
 Metaspace       used 65094K, committed 65792K, reserved 1114112K
  class space    used 8981K, committed 9344K, reserved 1048576K
}
Event: 7.203 GC heap after
{Heap after GC invocations=17 (full 0):
 garbage-first heap   total 86016K, used 38580K [0x0000000082800000, 0x0000000100000000)
  region size 1024K, 5 young (5120K), 5 survivors (5120K)
 Metaspace       used 65094K, committed 65792K, reserved 1114112K
  class space    used 8981K, committed 9344K, reserved 1048576K
}
Event: 7.250 GC heap before
{Heap before GC invocations=17 (full 0):
 garbage-first heap   total 86016K, used 66228K [0x0000000082800000, 0x0000000100000000)
  region size 1024K, 33 young (33792K), 5 survivors (5120K)
 Metaspace       used 65094K, committed 65792K, reserved 1114112K
  class space    used 8981K, committed 9344K, reserved 1048576K
}
Event: 7.257 GC heap after
{Heap after GC invocations=18 (full 0):
 garbage-first heap   total 145408K, used 43467K [0x0000000082800000, 0x0000000100000000)
  region size 1024K, 5 young (5120K), 5 survivors (5120K)
 Metaspace       used 65094K, committed 65792K, reserved 1114112K
  class space    used 8981K, committed 9344K, reserved 1048576K
}
Event: 7.377 GC heap before
{Heap before GC invocations=18 (full 0):
 garbage-first heap   total 145408K, used 105931K [0x0000000082800000, 0x0000000100000000)
  region size 1024K, 66 young (67584K), 5 survivors (5120K)
 Metaspace       used 65201K, committed 65920K, reserved 1114112K
  class space    used 8996K, committed 9344K, reserved 1048576K
}
Event: 7.390 GC heap after
{Heap after GC invocations=19 (full 0):
 garbage-first heap   total 145408K, used 59204K [0x0000000082800000, 0x0000000100000000)
  region size 1024K, 9 young (9216K), 9 survivors (9216K)
 Metaspace       used 65201K, committed 65920K, reserved 1114112K
  class space    used 8996K, committed 9344K, reserved 1048576K
}
Event: 7.465 GC heap before
{Heap before GC invocations=19 (full 0):
 garbage-first heap   total 145408K, used 107332K [0x0000000082800000, 0x0000000100000000)
  region size 1024K, 56 young (57344K), 9 survivors (9216K)
 Metaspace       used 65214K, committed 65920K, reserved 1114112K
  class space    used 8999K, committed 9344K, reserved 1048576K
}
Event: 7.477 GC heap after
{Heap after GC invocations=20 (full 0):
 garbage-first heap   total 145408K, used 72938K [0x0000000082800000, 0x0000000100000000)
  region size 1024K, 7 young (7168K), 7 survivors (7168K)
 Metaspace       used 65214K, committed 65920K, reserved 1114112K
  class space    used 8999K, committed 9344K, reserved 1048576K
}
Event: 7.523 GC heap before
{Heap before GC invocations=20 (full 0):
 garbage-first heap   total 145408K, used 108778K [0x0000000082800000, 0x0000000100000000)
  region size 1024K, 43 young (44032K), 7 survivors (7168K)
 Metaspace       used 65214K, committed 65920K, reserved 1114112K
  class space    used 8999K, committed 9344K, reserved 1048576K
}
Event: 7.534 GC heap after
{Heap after GC invocations=21 (full 0):
 garbage-first heap   total 145408K, used 83902K [0x0000000082800000, 0x0000000100000000)
  region size 1024K, 6 young (6144K), 6 survivors (6144K)
 Metaspace       used 65214K, committed 65920K, reserved 1114112K
  class space    used 8999K, committed 9344K, reserved 1048576K
}
Event: 7.601 GC heap before
{Heap before GC invocations=21 (full 0):
 garbage-first heap   total 160768K, used 109502K [0x0000000082800000, 0x0000000100000000)
  region size 1024K, 34 young (34816K), 6 survivors (6144K)
 Metaspace       used 65215K, committed 65920K, reserved 1114112K
  class space    used 8999K, committed 9344K, reserved 1048576K
}

